2021-07-11 18:49:47 ERROR   Lobby: Too Many Lobby Requests
2021-07-11 18:51:59 ERROR   Lobby: Not connected
Requests
2021-07-11 18:52:02 ERROR   Lobby: Not connected
2021-07-11 18:52:00 ERROR   Lobby: Not connected
2021-07-11 18:59:14 ERROR   Lobby: Not connected
2021-07-11 19:07:18 ERROR   Lobby: Not connected
2021-07-11 19:07:20 ERROR   Lobby: Not connected
2021-07-11 19:07:19 ERROR   Lobby: Not connected
2021-07-11 19:07:22 ERROR   Lobby: Not connected
2021-07-11 19:10:22 ERROR   Lobby: Not connected
2021-07-11 19:11:17 ERROR   Lobby: Too Many Lobby 2021-07-112021-07-11 19:13:29 ERROR   Lobby: Not c2021-07-11 19:13:33 ERROR   Lobby: Not connected
onnected
 19:13:26 ERROR   Lobby: Not connected
2021-07-11 19:14:54 ERROR   Lobby: Not connected
2021-07-11 19:15:46 ERROR   Lobby: Too Many Lobby 2021-07-11 19:21:45 ERROR   Lobby: Not connected
2021-07-11 19:21:44 ERROR   Lobby: Not connected
2021-07-11 19:21:47 ERROR   Lobby: Not connected
2021-07-11 21:59:45 ERROR   Lobby: Not connected
2021-07-11 21:59:56 ERROR   Lobby: Not connected
2021-07-11 22:50:21 ERROR   Lobby: Not connected
