2021-03-25 22:00:07 ERROR   Lobby: Not connected
2021-03-25 22:05:01 ERROR   Lobby: Not connected
2021-03-25 22:04:59 ERROR   Lobby: Not connected
2021-03-25 22:05:06 ERROR   Lobby: Not connected
2021-03-25 22:05:04 ERROR   Lobby: Not connected
2021-03-25 22:16:04 ERROR   Lobby: Not connected
2021-03-25 22:20:04 ERROR   Lobby: Not connected
2021-03-25 22:20:06 ERROR   Lobby: Not connected
2021-03-25 22:20:05 ERROR   Lobby: Not connected
2021-03-25 22:18:23 ERROR   Lobby: Not connected
2021-03-25 22:23:53 ERROR   Lobby: Not connected
2021-03-25 22:29:07 ERROR   Lobby: Not connected
2021-03-25 22:29:09 ERROR   Lobby: Not connected
2021-03-25 22:29:11 ERROR   Lobby: Not connected
2021-03-25 22:26:39 ERROR   Lobby: Not connected
2021-03-25 22:30:03 ERROR   Lobby: Not connected
2021-03-25 22:32:15 ERROR   Lobby: Not connected
2021-03-25 22:32:17 ERROR   Lobby: Not connected
2021-03-25 22:32:18 ERROR   Lobby: Not connected
2021-03-25 22:32:13 ERROR   Lobby: Not connected
2021-03-25 22:35:18 ERROR   Lobby: Not connected
2021-03-25 22:37:27 ERROR   Lobby: Not connected
2021-03-25 22:36:30 ERROR   Lobby: Too Many Lobby 2021-03-252021-03-25 22:37:27 ERROR   Lobby: Not c2021-03-25 22:37:29 ERROR   Lobby: Not connected
2021-03-25 22:39:22 ERROR   Lobby: Not connected
2021-03-25 22:40:27 ERROR   Lobby: Too Many Lobby 2021-03-25 22:40:29 ERROR   Lobby: Too Many Lobby 2021-03-25 22:48:49 ERROR   Lobby: Not connected
bby: Not connected
ERROR   Lobby: Not connected
